<?xml version="1.0" encoding="UTF-8"?>
<testng-results skipped="0" failed="0" ignored="0" total="1" passed="1">
  <reporter-output>
  </reporter-output>
  <suite name="Default suite" duration-ms="22234" started-at="2020-05-13T16:27:07 IST" finished-at="2020-05-13T16:27:30 IST">
    <groups>
    </groups>
    <test name="Default test" duration-ms="22234" started-at="2020-05-13T16:27:07 IST" finished-at="2020-05-13T16:27:30 IST">
      <class name="com.Zoopla.TestCases.TestCase1">
        <test-method status="PASS" signature="setUp()[pri:0, instance:com.Zoopla.TestCases.TestCase1@51cdd8a]" name="setUp" is-config="true" duration-ms="15298" started-at="2020-05-13T16:27:07 IST" finished-at="2020-05-13T16:27:23 IST">
          <reporter-output>
          </reporter-output>
        </test-method> <!-- setUp -->
        <test-method status="PASS" signature="testRun()[pri:0, instance:com.Zoopla.TestCases.TestCase1@51cdd8a]" name="testRun" duration-ms="6889" started-at="2020-05-13T16:27:23 IST" finished-at="2020-05-13T16:27:30 IST">
          <reporter-output>
          </reporter-output>
        </test-method> <!-- testRun -->
      </class> <!-- com.Zoopla.TestCases.TestCase1 -->
    </test> <!-- Default test -->
  </suite> <!-- Default suite -->
</testng-results>
